<?xml version="1.0" encoding="UTF-8"?>
<!-- Generated by org.testng.reporters.JUnitReportReporter -->
<testsuite hostname="YSOs-Mac-Pro.home" failures="0" tests="2" name="com.qa.verizon.test.HomePageTest" time="5.596" errors="0" timestamp="2020-10-05T23:24:52 EDT" skipped="0">
  <testcase classname="com.qa.verizon.test.HomePageTest" name="verifyHomePageTitle" time="2.675"/>
  <system-out/>
  <testcase classname="com.qa.verizon.test.HomePageTest" name="getHomeUrl" time="2.921"/>
  <system-out/>
</testsuite> <!-- com.qa.verizon.test.HomePageTest -->
