<?xml version="1.0" encoding="UTF-8"?>
<!-- Generated by org.testng.reporters.JUnitReportReporter -->
<testsuite hostname="YSOs-Mac-Pro.home" failures="0" tests="2" name="com.qa.verizon.test.CartPageTest" time="41.406" errors="0" timestamp="2020-10-05T23:24:52 EDT" skipped="0">
  <testcase classname="com.qa.verizon.test.CartPageTest" name="verifyPageTitle" time="19.024"/>
  <system-out/>
  <testcase classname="com.qa.verizon.test.CartPageTest" name="verifyPhoneName" time="22.382"/>
  <system-out/>
</testsuite> <!-- com.qa.verizon.test.CartPageTest -->
