<?xml version="1.0" encoding="UTF-8"?>
<!-- Generated by org.testng.reporters.JUnitReportReporter -->
<testsuite hostname="YSOs-Mac-Pro.home" failures="0" tests="2" name="com.qa.verizon.test.SmartPhoneTest" time="23.270" errors="0" timestamp="2020-10-05T23:24:52 EDT" skipped="0">
  <testcase classname="com.qa.verizon.test.SmartPhoneTest" name="verifyTitle" time="12.311"/>
  <system-out/>
  <testcase classname="com.qa.verizon.test.SmartPhoneTest" name="verifyPageUrl" time="10.959"/>
  <system-out/>
</testsuite> <!-- com.qa.verizon.test.SmartPhoneTest -->
