<?xml version="1.0" encoding="UTF-8"?>
<!-- Generated by org.testng.reporters.JUnitReportReporter -->
<testsuite hostname="YSOs-Mac-Pro.home" failures="0" tests="3" name="com.qa.verizon.test.ShopPageTest" time="22.248" errors="0" timestamp="2020-10-05T23:24:52 EDT" skipped="0">
  <testcase classname="com.qa.verizon.test.ShopPageTest" name="verifyPageTitle" time="9.022"/>
  <system-out/>
  <testcase classname="com.qa.verizon.test.ShopPageTest" name="verifyPageHeader" time="8.816"/>
  <system-out/>
  <testcase classname="com.qa.verizon.test.ShopPageTest" name="verifyURL" time="4.410"/>
  <system-out/>
</testsuite> <!-- com.qa.verizon.test.ShopPageTest -->
